Watching for file changes with StatReloader
Watching for file changes with StatReloader
Forbidden (Origin checking failed - http://localhost:3000 does not match any trusted origins.): /submit_homework/
Forbidden (Origin checking failed - http://localhost:3000 does not match any trusted origins.): /submit_homework/
"POST /submit_homework/ HTTP/1.1" 403 2569
"POST /submit_homework/ HTTP/1.1" 403 2569
C:\Users\Namai\Desktop\web-django\homework_app\views.py changed, reloading.
C:\Users\Namai\Desktop\web-django\homework_app\views.py changed, reloading.
Watching for file changes with StatReloader
Watching for file changes with StatReloader
"POST /submit_homework/ HTTP/1.1" 200 46
"POST /submit_homework/ HTTP/1.1" 200 46
"POST /submit_homework/ HTTP/1.1" 200 46
"POST /submit_homework/ HTTP/1.1" 200 46
C:\Users\Namai\Desktop\web-django\homework_app\views.py changed, reloading.
C:\Users\Namai\Desktop\web-django\homework_app\views.py changed, reloading.
Watching for file changes with StatReloader
Watching for file changes with StatReloader
"POST /submit_homework/ HTTP/1.1" 200 46
"POST /submit_homework/ HTTP/1.1" 200 46
"POST /submit_homework/ HTTP/1.1" 200 46
"POST /submit_homework/ HTTP/1.1" 200 46
C:\Users\Namai\Desktop\web-django\homework_app\views.py changed, reloading.
C:\Users\Namai\Desktop\web-django\homework_app\views.py changed, reloading.
Watching for file changes with StatReloader
Watching for file changes with StatReloader
"POST /submit_homework/ HTTP/1.1" 200 56
"POST /submit_homework/ HTTP/1.1" 200 56
C:\Users\Namai\Desktop\web-django\homework_app\views.py changed, reloading.
C:\Users\Namai\Desktop\web-django\homework_app\views.py changed, reloading.
Watching for file changes with StatReloader
Watching for file changes with StatReloader
C:\Users\Namai\Desktop\web-django\homework_app\views.py changed, reloading.
C:\Users\Namai\Desktop\web-django\homework_app\views.py changed, reloading.
Watching for file changes with StatReloader
Watching for file changes with StatReloader
C:\Users\Namai\Desktop\web-django\homework_app\views.py changed, reloading.
C:\Users\Namai\Desktop\web-django\homework_app\views.py changed, reloading.
Watching for file changes with StatReloader
Watching for file changes with StatReloader
Watching for file changes with StatReloader
Watching for file changes with StatReloader
Not Found: /latests/
Not Found: /latests/
"GET /latests/ HTTP/1.1" 404 2737
"GET /latests/ HTTP/1.1" 404 2737
C:\Users\Namai\Desktop\web-django\web_project\urls.py changed, reloading.
C:\Users\Namai\Desktop\web-django\web_project\urls.py changed, reloading.
Watching for file changes with StatReloader
Watching for file changes with StatReloader
C:\Users\Namai\Desktop\web-django\web_project\urls.py changed, reloading.
C:\Users\Namai\Desktop\web-django\web_project\urls.py changed, reloading.
Watching for file changes with StatReloader
Watching for file changes with StatReloader
C:\Users\Namai\Desktop\web-django\web_project\urls.py changed, reloading.
C:\Users\Namai\Desktop\web-django\web_project\urls.py changed, reloading.
Watching for file changes with StatReloader
Watching for file changes with StatReloader
C:\Users\Namai\Desktop\web-django\homework_app\views.py changed, reloading.
C:\Users\Namai\Desktop\web-django\homework_app\views.py changed, reloading.
Watching for file changes with StatReloader
Watching for file changes with StatReloader
C:\Users\Namai\Desktop\web-django\homework_app\views.py changed, reloading.
C:\Users\Namai\Desktop\web-django\homework_app\views.py changed, reloading.
Watching for file changes with StatReloader
Watching for file changes with StatReloader
C:\Users\Namai\Desktop\web-django\web_project\urls.py changed, reloading.
C:\Users\Namai\Desktop\web-django\web_project\urls.py changed, reloading.
Watching for file changes with StatReloader
Watching for file changes with StatReloader
C:\Users\Namai\Desktop\web-django\homework_app\views.py changed, reloading.
C:\Users\Namai\Desktop\web-django\homework_app\views.py changed, reloading.
Watching for file changes with StatReloader
Watching for file changes with StatReloader
C:\Users\Namai\Desktop\web-django\homework_app\models.py changed, reloading.
C:\Users\Namai\Desktop\web-django\homework_app\models.py changed, reloading.
Watching for file changes with StatReloader
Watching for file changes with StatReloader
C:\Users\Namai\Desktop\web-django\homework_app\models.py changed, reloading.
C:\Users\Namai\Desktop\web-django\homework_app\models.py changed, reloading.
Watching for file changes with StatReloader
Watching for file changes with StatReloader
C:\Users\Namai\Desktop\web-django\homework_app\views.py changed, reloading.
C:\Users\Namai\Desktop\web-django\homework_app\views.py changed, reloading.
Watching for file changes with StatReloader
Watching for file changes with StatReloader
C:\Users\Namai\Desktop\web-django\homework_app\views.py changed, reloading.
C:\Users\Namai\Desktop\web-django\homework_app\views.py changed, reloading.
Watching for file changes with StatReloader
Watching for file changes with StatReloader
C:\Users\Namai\Desktop\web-django\homework_app\views.py changed, reloading.
C:\Users\Namai\Desktop\web-django\homework_app\views.py changed, reloading.
Watching for file changes with StatReloader
Watching for file changes with StatReloader
C:\Users\Namai\Desktop\web-django\homework_app\views.py changed, reloading.
C:\Users\Namai\Desktop\web-django\homework_app\views.py changed, reloading.
Watching for file changes with StatReloader
Watching for file changes with StatReloader
C:\Users\Namai\Desktop\web-django\homework_app\views.py changed, reloading.
C:\Users\Namai\Desktop\web-django\homework_app\views.py changed, reloading.
Watching for file changes with StatReloader
Watching for file changes with StatReloader
C:\Users\Namai\Desktop\web-django\homework_app\views.py changed, reloading.
C:\Users\Namai\Desktop\web-django\homework_app\views.py changed, reloading.
Watching for file changes with StatReloader
Watching for file changes with StatReloader
C:\Users\Namai\Desktop\web-django\homework_app\views.py changed, reloading.
C:\Users\Namai\Desktop\web-django\homework_app\views.py changed, reloading.
Watching for file changes with StatReloader
Watching for file changes with StatReloader
C:\Users\Namai\Desktop\web-django\homework_app\models.py changed, reloading.
C:\Users\Namai\Desktop\web-django\homework_app\models.py changed, reloading.
Watching for file changes with StatReloader
Watching for file changes with StatReloader
C:\Users\Namai\Desktop\web-django\homework_app\models.py changed, reloading.
C:\Users\Namai\Desktop\web-django\homework_app\models.py changed, reloading.
Watching for file changes with StatReloader
Watching for file changes with StatReloader
C:\Users\Namai\Desktop\web-django\homework_app\models.py changed, reloading.
C:\Users\Namai\Desktop\web-django\homework_app\models.py changed, reloading.
Watching for file changes with StatReloader
Watching for file changes with StatReloader
C:\Users\Namai\Desktop\web-django\homework_app\models.py changed, reloading.
C:\Users\Namai\Desktop\web-django\homework_app\models.py changed, reloading.
Watching for file changes with StatReloader
Watching for file changes with StatReloader
C:\Users\Namai\Desktop\web-django\homework_app\models.py changed, reloading.
C:\Users\Namai\Desktop\web-django\homework_app\models.py changed, reloading.
Watching for file changes with StatReloader
Watching for file changes with StatReloader
C:\Users\Namai\Desktop\web-django\web_project\settings.py changed, reloading.
C:\Users\Namai\Desktop\web-django\web_project\settings.py changed, reloading.
Watching for file changes with StatReloader
Watching for file changes with StatReloader
C:\Users\Namai\Desktop\web-django\web_project\settings.py changed, reloading.
C:\Users\Namai\Desktop\web-django\web_project\settings.py changed, reloading.
Watching for file changes with StatReloader
Watching for file changes with StatReloader
C:\Users\Namai\Desktop\web-django\homework_app\models.py changed, reloading.
C:\Users\Namai\Desktop\web-django\homework_app\models.py changed, reloading.
Watching for file changes with StatReloader
Watching for file changes with StatReloader
C:\Users\Namai\Desktop\web-django\homework_app\views.py changed, reloading.
C:\Users\Namai\Desktop\web-django\homework_app\views.py changed, reloading.
Watching for file changes with StatReloader
Watching for file changes with StatReloader
C:\Users\Namai\Desktop\web-django\homework_app\models.py changed, reloading.
C:\Users\Namai\Desktop\web-django\homework_app\models.py changed, reloading.
Watching for file changes with StatReloader
Watching for file changes with StatReloader
C:\Users\Namai\Desktop\web-django\homework_app\models.py changed, reloading.
C:\Users\Namai\Desktop\web-django\homework_app\models.py changed, reloading.
Watching for file changes with StatReloader
Watching for file changes with StatReloader
C:\Users\Namai\Desktop\web-django\homework_app\models.py changed, reloading.
C:\Users\Namai\Desktop\web-django\homework_app\models.py changed, reloading.
Watching for file changes with StatReloader
Watching for file changes with StatReloader
C:\Users\Namai\Desktop\web-django\homework_app\views.py changed, reloading.
C:\Users\Namai\Desktop\web-django\homework_app\views.py changed, reloading.
Watching for file changes with StatReloader
Watching for file changes with StatReloader
C:\Users\Namai\Desktop\web-django\homework_app\views.py changed, reloading.
C:\Users\Namai\Desktop\web-django\homework_app\views.py changed, reloading.
Watching for file changes with StatReloader
Watching for file changes with StatReloader
C:\Users\Namai\Desktop\web-django\homework_app\views.py changed, reloading.
C:\Users\Namai\Desktop\web-django\homework_app\views.py changed, reloading.
Watching for file changes with StatReloader
Watching for file changes with StatReloader
C:\Users\Namai\Desktop\web-django\homework_app\views.py changed, reloading.
C:\Users\Namai\Desktop\web-django\homework_app\views.py changed, reloading.
Watching for file changes with StatReloader
Watching for file changes with StatReloader
C:\Users\Namai\Desktop\web-django\homework_app\views.py changed, reloading.
C:\Users\Namai\Desktop\web-django\homework_app\views.py changed, reloading.
Watching for file changes with StatReloader
Watching for file changes with StatReloader
C:\Users\Namai\Desktop\web-django\homework_app\views.py changed, reloading.
C:\Users\Namai\Desktop\web-django\homework_app\views.py changed, reloading.
Watching for file changes with StatReloader
Watching for file changes with StatReloader
C:\Users\Namai\Desktop\web-django\homework_app\views.py changed, reloading.
C:\Users\Namai\Desktop\web-django\homework_app\views.py changed, reloading.
Watching for file changes with StatReloader
Watching for file changes with StatReloader
C:\Users\Namai\Desktop\web-django\homework_app\models.py changed, reloading.
C:\Users\Namai\Desktop\web-django\homework_app\models.py changed, reloading.
Watching for file changes with StatReloader
Watching for file changes with StatReloader
C:\Users\Namai\Desktop\web-django\homework_app\views.py changed, reloading.
C:\Users\Namai\Desktop\web-django\homework_app\views.py changed, reloading.
Watching for file changes with StatReloader
Watching for file changes with StatReloader
C:\Users\Namai\Desktop\web-django\homework_app\views.py changed, reloading.
C:\Users\Namai\Desktop\web-django\homework_app\views.py changed, reloading.
Watching for file changes with StatReloader
Watching for file changes with StatReloader
C:\Users\Namai\Desktop\web-django\homework_app\views.py changed, reloading.
C:\Users\Namai\Desktop\web-django\homework_app\views.py changed, reloading.
Watching for file changes with StatReloader
Watching for file changes with StatReloader
C:\Users\Namai\Desktop\web-django\homework_app\views.py changed, reloading.
C:\Users\Namai\Desktop\web-django\homework_app\views.py changed, reloading.
Watching for file changes with StatReloader
Watching for file changes with StatReloader
C:\Users\Namai\Desktop\web-django\homework_app\views.py changed, reloading.
C:\Users\Namai\Desktop\web-django\homework_app\views.py changed, reloading.
Watching for file changes with StatReloader
Watching for file changes with StatReloader
C:\Users\Namai\Desktop\web-django\homework_app\views.py changed, reloading.
C:\Users\Namai\Desktop\web-django\homework_app\views.py changed, reloading.
Watching for file changes with StatReloader
Watching for file changes with StatReloader
C:\Users\Namai\Desktop\web-django\homework_app\views.py changed, reloading.
C:\Users\Namai\Desktop\web-django\homework_app\views.py changed, reloading.
Watching for file changes with StatReloader
Watching for file changes with StatReloader
C:\Users\Namai\Desktop\web-django\homework_app\views.py changed, reloading.
C:\Users\Namai\Desktop\web-django\homework_app\views.py changed, reloading.
Watching for file changes with StatReloader
Watching for file changes with StatReloader
C:\Users\Namai\Desktop\web-django\homework_app\models.py changed, reloading.
C:\Users\Namai\Desktop\web-django\homework_app\models.py changed, reloading.
Watching for file changes with StatReloader
Watching for file changes with StatReloader
C:\Users\Namai\Desktop\web-django\homework_app\models.py changed, reloading.
C:\Users\Namai\Desktop\web-django\homework_app\models.py changed, reloading.
Watching for file changes with StatReloader
Watching for file changes with StatReloader
C:\Users\Namai\Desktop\web-django\homework_app\models.py changed, reloading.
C:\Users\Namai\Desktop\web-django\homework_app\models.py changed, reloading.
Watching for file changes with StatReloader
Watching for file changes with StatReloader
C:\Users\Namai\Desktop\web-django\homework_app\models.py changed, reloading.
C:\Users\Namai\Desktop\web-django\homework_app\models.py changed, reloading.
Watching for file changes with StatReloader
Watching for file changes with StatReloader
C:\Users\Namai\Desktop\web-django\homework_app\models.py changed, reloading.
C:\Users\Namai\Desktop\web-django\homework_app\models.py changed, reloading.
Watching for file changes with StatReloader
Watching for file changes with StatReloader
C:\Users\Namai\Desktop\web-django\homework_app\models.py changed, reloading.
C:\Users\Namai\Desktop\web-django\homework_app\models.py changed, reloading.
Watching for file changes with StatReloader
Watching for file changes with StatReloader
C:\Users\Namai\Desktop\web-django\homework_app\models.py changed, reloading.
C:\Users\Namai\Desktop\web-django\homework_app\models.py changed, reloading.
Watching for file changes with StatReloader
Watching for file changes with StatReloader
C:\Users\Namai\Desktop\web-django\homework_app\views.py changed, reloading.
C:\Users\Namai\Desktop\web-django\homework_app\views.py changed, reloading.
Watching for file changes with StatReloader
Watching for file changes with StatReloader
C:\Users\Namai\Desktop\web-django\homework_app\views.py changed, reloading.
C:\Users\Namai\Desktop\web-django\homework_app\views.py changed, reloading.
Watching for file changes with StatReloader
Watching for file changes with StatReloader
C:\Users\Namai\Desktop\web-django\homework_app\views.py changed, reloading.
C:\Users\Namai\Desktop\web-django\homework_app\views.py changed, reloading.
Watching for file changes with StatReloader
Watching for file changes with StatReloader
C:\Users\Namai\Desktop\web-django\homework_app\views.py changed, reloading.
C:\Users\Namai\Desktop\web-django\homework_app\views.py changed, reloading.
Watching for file changes with StatReloader
Watching for file changes with StatReloader
C:\Users\Namai\Desktop\web-django\homework_app\views.py changed, reloading.
C:\Users\Namai\Desktop\web-django\homework_app\views.py changed, reloading.
Watching for file changes with StatReloader
Watching for file changes with StatReloader
C:\Users\Namai\Desktop\web-django\homework_app\views.py changed, reloading.
C:\Users\Namai\Desktop\web-django\homework_app\views.py changed, reloading.
Watching for file changes with StatReloader
Watching for file changes with StatReloader
C:\Users\Namai\Desktop\web-django\homework_app\views.py changed, reloading.
C:\Users\Namai\Desktop\web-django\homework_app\views.py changed, reloading.
Watching for file changes with StatReloader
Watching for file changes with StatReloader
C:\Users\Namai\Desktop\web-django\homework_app\views.py changed, reloading.
C:\Users\Namai\Desktop\web-django\homework_app\views.py changed, reloading.
Watching for file changes with StatReloader
Watching for file changes with StatReloader
C:\Users\Namai\Desktop\web-django\homework_app\views.py changed, reloading.
C:\Users\Namai\Desktop\web-django\homework_app\views.py changed, reloading.
Watching for file changes with StatReloader
Watching for file changes with StatReloader
C:\Users\Namai\Desktop\web-django\homework_app\views.py changed, reloading.
C:\Users\Namai\Desktop\web-django\homework_app\views.py changed, reloading.
Watching for file changes with StatReloader
Watching for file changes with StatReloader
C:\Users\Namai\Desktop\web-django\homework_app\views.py changed, reloading.
C:\Users\Namai\Desktop\web-django\homework_app\views.py changed, reloading.
Watching for file changes with StatReloader
Watching for file changes with StatReloader
C:\Users\Namai\Desktop\web-django\homework_app\views.py changed, reloading.
C:\Users\Namai\Desktop\web-django\homework_app\views.py changed, reloading.
Watching for file changes with StatReloader
Watching for file changes with StatReloader
C:\Users\Namai\Desktop\web-django\homework_app\views.py changed, reloading.
C:\Users\Namai\Desktop\web-django\homework_app\views.py changed, reloading.
Watching for file changes with StatReloader
Watching for file changes with StatReloader
C:\Users\Namai\Desktop\web-django\homework_app\models.py changed, reloading.
C:\Users\Namai\Desktop\web-django\homework_app\models.py changed, reloading.
Watching for file changes with StatReloader
Watching for file changes with StatReloader
C:\Users\Namai\Desktop\web-django\homework_app\models.py changed, reloading.
C:\Users\Namai\Desktop\web-django\homework_app\models.py changed, reloading.
Watching for file changes with StatReloader
Watching for file changes with StatReloader
C:\Users\Namai\Desktop\web-django\homework_app\models.py changed, reloading.
C:\Users\Namai\Desktop\web-django\homework_app\models.py changed, reloading.
Watching for file changes with StatReloader
Watching for file changes with StatReloader
C:\Users\Namai\Desktop\web-django\homework_app\models.py changed, reloading.
C:\Users\Namai\Desktop\web-django\homework_app\models.py changed, reloading.
Watching for file changes with StatReloader
Watching for file changes with StatReloader
C:\Users\Namai\Desktop\web-django\homework_app\models.py changed, reloading.
C:\Users\Namai\Desktop\web-django\homework_app\models.py changed, reloading.
Watching for file changes with StatReloader
Watching for file changes with StatReloader
C:\Users\Namai\Desktop\web-django\homework_app\models.py changed, reloading.
C:\Users\Namai\Desktop\web-django\homework_app\models.py changed, reloading.
Watching for file changes with StatReloader
Watching for file changes with StatReloader
C:\Users\Namai\Desktop\web-django\homework_app\models.py changed, reloading.
C:\Users\Namai\Desktop\web-django\homework_app\models.py changed, reloading.
Watching for file changes with StatReloader
Watching for file changes with StatReloader
C:\Users\Namai\Desktop\web-django\homework_app\models.py changed, reloading.
C:\Users\Namai\Desktop\web-django\homework_app\models.py changed, reloading.
Watching for file changes with StatReloader
Watching for file changes with StatReloader
C:\Users\Namai\Desktop\web-django\homework_app\models.py changed, reloading.
C:\Users\Namai\Desktop\web-django\homework_app\models.py changed, reloading.
Watching for file changes with StatReloader
Watching for file changes with StatReloader
C:\Users\Namai\Desktop\web-django\homework_app\views.py changed, reloading.
C:\Users\Namai\Desktop\web-django\homework_app\views.py changed, reloading.
Watching for file changes with StatReloader
Watching for file changes with StatReloader
C:\Users\Namai\Desktop\web-django\homework_app\views.py changed, reloading.
C:\Users\Namai\Desktop\web-django\homework_app\views.py changed, reloading.
Watching for file changes with StatReloader
Watching for file changes with StatReloader
C:\Users\Namai\Desktop\web-django\homework_app\views.py changed, reloading.
C:\Users\Namai\Desktop\web-django\homework_app\views.py changed, reloading.
Watching for file changes with StatReloader
Watching for file changes with StatReloader
C:\Users\Namai\Desktop\web-django\homework_app\models.py changed, reloading.
C:\Users\Namai\Desktop\web-django\homework_app\models.py changed, reloading.
Watching for file changes with StatReloader
Watching for file changes with StatReloader
C:\Users\Namai\Desktop\web-django\homework_app\models.py changed, reloading.
C:\Users\Namai\Desktop\web-django\homework_app\models.py changed, reloading.
Watching for file changes with StatReloader
Watching for file changes with StatReloader
C:\Users\Namai\Desktop\web-django\homework_app\views.py changed, reloading.
C:\Users\Namai\Desktop\web-django\homework_app\views.py changed, reloading.
Watching for file changes with StatReloader
Watching for file changes with StatReloader
C:\Users\Namai\Desktop\web-django\homework_app\views.py changed, reloading.
C:\Users\Namai\Desktop\web-django\homework_app\views.py changed, reloading.
Watching for file changes with StatReloader
Watching for file changes with StatReloader
C:\Users\Namai\Desktop\web-django\homework_app\views.py changed, reloading.
C:\Users\Namai\Desktop\web-django\homework_app\views.py changed, reloading.
Watching for file changes with StatReloader
Watching for file changes with StatReloader
C:\Users\Namai\Desktop\web-django\homework_app\views.py changed, reloading.
C:\Users\Namai\Desktop\web-django\homework_app\views.py changed, reloading.
Watching for file changes with StatReloader
Watching for file changes with StatReloader
C:\Users\Namai\Desktop\web-django\homework_app\models.py changed, reloading.
C:\Users\Namai\Desktop\web-django\homework_app\models.py changed, reloading.
Watching for file changes with StatReloader
Watching for file changes with StatReloader
C:\Users\Namai\Desktop\web-django\homework_app\models.py changed, reloading.
C:\Users\Namai\Desktop\web-django\homework_app\models.py changed, reloading.
Watching for file changes with StatReloader
Watching for file changes with StatReloader
C:\Users\Namai\Desktop\web-django\homework_app\models.py changed, reloading.
C:\Users\Namai\Desktop\web-django\homework_app\models.py changed, reloading.
Watching for file changes with StatReloader
Watching for file changes with StatReloader
Watching for file changes with StatReloader
Watching for file changes with StatReloader
"OPTIONS /handle_classes/ HTTP/1.1" 200 0
"OPTIONS /handle_classes/ HTTP/1.1" 200 0
"GET /handle_classes/ HTTP/1.1" 200 2
"GET /handle_classes/ HTTP/1.1" 200 2
Forbidden (Origin checking failed - http://localhost:3000 does not match any trusted origins.): /handle_classes/
Forbidden (Origin checking failed - http://localhost:3000 does not match any trusted origins.): /handle_classes/
"POST /handle_classes/ HTTP/1.1" 403 2569
"POST /handle_classes/ HTTP/1.1" 403 2569
"OPTIONS /login/ HTTP/1.1" 200 0
"OPTIONS /login/ HTTP/1.1" 200 0
Unauthorized: /login/
Unauthorized: /login/
"POST /login/ HTTP/1.1" 401 66
"POST /login/ HTTP/1.1" 401 66
C:\Users\Namai\Desktop\web-django\homework_app\views.py changed, reloading.
C:\Users\Namai\Desktop\web-django\homework_app\views.py changed, reloading.
Watching for file changes with StatReloader
Watching for file changes with StatReloader
